<?xml version="1.0" encoding="UTF-8"?>
<testsuite xmlns:xsi="http://www.w3.org/2001/XMLSchema-instance" xsi:noNamespaceSchemaLocation="https://maven.apache.org/surefire/maven-surefire-plugin/xsd/surefire-test-report.xsd" name="ch.heigvd.gen.monopoly.DieTest" time="0.148" tests="51" errors="0" skipped="0" failures="0">
  <properties>
[...]
</properties>
  <testcase name="faceValueShouldBeZeroWithoutRoll" classname="ch.heigvd.gen.monopoly.DieTest" time="0.011"/>
  <testcase name="faceValueShouldBeBetween1andUpperBound[1]" classname="ch.heigvd.gen.monopoly.DieTest" time="0.002"/>
  <testcase name="faceValueShouldBeBetween1andUpperBound[2]" classname="ch.heigvd.gen.monopoly.DieTest" time="0.001"/>
  <testcase name="faceValueShouldBeBetween1andUpperBound[3]" classname="ch.heigvd.gen.monopoly.DieTest" time="0.002"/>
  <testcase name="faceValueShouldBeBetween1andUpperBound[4]" classname="ch.heigvd.gen.monopoly.DieTest" time="0"/>
  <testcase name="faceValueShouldBeBetween1andUpperBound[5]" classname="ch.heigvd.gen.monopoly.DieTest" time="0"/>
  <testcase name="faceValueShouldBeBetween1andUpperBound[6]" classname="ch.heigvd.gen.monopoly.DieTest" time="0.001"/>
  <testcase name="faceValueShouldBeBetween1andUpperBound[7]" classname="ch.heigvd.gen.monopoly.DieTest" time="0.001"/>
  <testcase name="faceValueShouldBeBetween1andUpperBound[8]" classname="ch.heigvd.gen.monopoly.DieTest" time="0"/>
  <testcase name="faceValueShouldBeBetween1andUpperBound[9]" classname="ch.heigvd.gen.monopoly.DieTest" time="0"/>
  <testcase name="faceValueShouldBeBetween1andUpperBound[10]" classname="ch.heigvd.gen.monopoly.DieTest" time="0.001"/>
  <testcase name="faceValueShouldBeBetween1andUpperBound[11]" classname="ch.heigvd.gen.monopoly.DieTest" time="0"/>
  <testcase name="faceValueShouldBeBetween1andUpperBound[12]" classname="ch.heigvd.gen.monopoly.DieTest" time="0.001"/>
  <testcase name="faceValueShouldBeBetween1andUpperBound[13]" classname="ch.heigvd.gen.monopoly.DieTest" time="0"/>
  <testcase name="faceValueShouldBeBetween1andUpperBound[14]" classname="ch.heigvd.gen.monopoly.DieTest" time="0.001"/>
  <testcase name="faceValueShouldBeBetween1andUpperBound[15]" classname="ch.heigvd.gen.monopoly.DieTest" time="0.001"/>
  <testcase name="faceValueShouldBeBetween1andUpperBound[16]" classname="ch.heigvd.gen.monopoly.DieTest" time="0.001"/>
  <testcase name="faceValueShouldBeBetween1andUpperBound[17]" classname="ch.heigvd.gen.monopoly.DieTest" time="0"/>
  <testcase name="faceValueShouldBeBetween1andUpperBound[18]" classname="ch.heigvd.gen.monopoly.DieTest" time="0.001"/>
  <testcase name="faceValueShouldBeBetween1andUpperBound[19]" classname="ch.heigvd.gen.monopoly.DieTest" time="0"/>
  <testcase name="faceValueShouldBeBetween1andUpperBound[20]" classname="ch.heigvd.gen.monopoly.DieTest" time="0.001"/>
  <testcase name="faceValueShouldBeBetween1andUpperBound[21]" classname="ch.heigvd.gen.monopoly.DieTest" time="0.001"/>
  <testcase name="faceValueShouldBeBetween1andUpperBound[22]" classname="ch.heigvd.gen.monopoly.DieTest" time="0.001"/>
  <testcase name="faceValueShouldBeBetween1andUpperBound[23]" classname="ch.heigvd.gen.monopoly.DieTest" time="0"/>
  <testcase name="faceValueShouldBeBetween1andUpperBound[24]" classname="ch.heigvd.gen.monopoly.DieTest" time="0"/>
  <testcase name="faceValueShouldBeBetween1andUpperBound[25]" classname="ch.heigvd.gen.monopoly.DieTest" time="0.001"/>
  <testcase name="faceValueShouldBeBetween1andUpperBound[26]" classname="ch.heigvd.gen.monopoly.DieTest" time="0.001"/>
  <testcase name="faceValueShouldBeBetween1andUpperBound[27]" classname="ch.heigvd.gen.monopoly.DieTest" time="0.001"/>
  <testcase name="faceValueShouldBeBetween1andUpperBound[28]" classname="ch.heigvd.gen.monopoly.DieTest" time="0"/>
  <testcase name="faceValueShouldBeBetween1andUpperBound[29]" classname="ch.heigvd.gen.monopoly.DieTest" time="0.003"/>
  <testcase name="faceValueShouldBeBetween1andUpperBound[30]" classname="ch.heigvd.gen.monopoly.DieTest" time="0"/>
  <testcase name="faceValueShouldBeBetween1andUpperBound[31]" classname="ch.heigvd.gen.monopoly.DieTest" time="0.001"/>
  <testcase name="faceValueShouldBeBetween1andUpperBound[32]" classname="ch.heigvd.gen.monopoly.DieTest" time="0.001"/>
  <testcase name="faceValueShouldBeBetween1andUpperBound[33]" classname="ch.heigvd.gen.monopoly.DieTest" time="0.001"/>
  <testcase name="faceValueShouldBeBetween1andUpperBound[34]" classname="ch.heigvd.gen.monopoly.DieTest" time="0.001"/>
  <testcase name="faceValueShouldBeBetween1andUpperBound[35]" classname="ch.heigvd.gen.monopoly.DieTest" time="0.001"/>
  <testcase name="faceValueShouldBeBetween1andUpperBound[36]" classname="ch.heigvd.gen.monopoly.DieTest" time="0"/>
  <testcase name="faceValueShouldBeBetween1andUpperBound[37]" classname="ch.heigvd.gen.monopoly.DieTest" time="0.001"/>
  <testcase name="faceValueShouldBeBetween1andUpperBound[38]" classname="ch.heigvd.gen.monopoly.DieTest" time="0"/>
  <testcase name="faceValueShouldBeBetween1andUpperBound[39]" classname="ch.heigvd.gen.monopoly.DieTest" time="0"/>
  <testcase name="faceValueShouldBeBetween1andUpperBound[40]" classname="ch.heigvd.gen.monopoly.DieTest" time="0.001"/>
  <testcase name="faceValueShouldBeBetween1andUpperBound[41]" classname="ch.heigvd.gen.monopoly.DieTest" time="0.001"/>
  <testcase name="faceValueShouldBeBetween1andUpperBound[42]" classname="ch.heigvd.gen.monopoly.DieTest" time="0"/>
  <testcase name="faceValueShouldBeBetween1andUpperBound[43]" classname="ch.heigvd.gen.monopoly.DieTest" time="0"/>
  <testcase name="faceValueShouldBeBetween1andUpperBound[44]" classname="ch.heigvd.gen.monopoly.DieTest" time="0"/>
  <testcase name="faceValueShouldBeBetween1andUpperBound[45]" classname="ch.heigvd.gen.monopoly.DieTest" time="0"/>
  <testcase name="faceValueShouldBeBetween1andUpperBound[46]" classname="ch.heigvd.gen.monopoly.DieTest" time="0.001"/>
  <testcase name="faceValueShouldBeBetween1andUpperBound[47]" classname="ch.heigvd.gen.monopoly.DieTest" time="0"/>
  <testcase name="faceValueShouldBeBetween1andUpperBound[48]" classname="ch.heigvd.gen.monopoly.DieTest" time="0.001"/>
  <testcase name="faceValueShouldBeBetween1andUpperBound[49]" classname="ch.heigvd.gen.monopoly.DieTest" time="0"/>
  <testcase name="faceValueShouldBeBetween1andUpperBound[50]" classname="ch.heigvd.gen.monopoly.DieTest" time="0.001"/>
</testsuite>